Determining if the pthread_create exist failed with the following output:
Change Dir: /home/dolaned/phowallet-core/build/CMakeFiles/CMakeTmp

Run Build Command:"/usr/bin/make" "cmTC_eadbf/fast"
/usr/bin/make -f CMakeFiles/cmTC_eadbf.dir/build.make CMakeFiles/cmTC_eadbf.dir/build
make[1]: Entering directory '/home/dolaned/phowallet-core/build/CMakeFiles/CMakeTmp'
Building C object CMakeFiles/cmTC_eadbf.dir/CheckSymbolExists.c.o
/usr/bin/cc    -o CMakeFiles/cmTC_eadbf.dir/CheckSymbolExists.c.o   -c /home/dolaned/phowallet-core/build/CMakeFiles/CMakeTmp/CheckSymbolExists.c
Linking C executable cmTC_eadbf
/usr/bin/cmake -E cmake_link_script CMakeFiles/cmTC_eadbf.dir/link.txt --verbose=1
/usr/bin/cc      -rdynamic CMakeFiles/cmTC_eadbf.dir/CheckSymbolExists.c.o  -o cmTC_eadbf 
CMakeFiles/cmTC_eadbf.dir/CheckSymbolExists.c.o: In function `main':
CheckSymbolExists.c:(.text+0x1b): undefined reference to `pthread_create'
collect2: error: ld returned 1 exit status
CMakeFiles/cmTC_eadbf.dir/build.make:97: recipe for target 'cmTC_eadbf' failed
make[1]: *** [cmTC_eadbf] Error 1
make[1]: Leaving directory '/home/dolaned/phowallet-core/build/CMakeFiles/CMakeTmp'
Makefile:126: recipe for target 'cmTC_eadbf/fast' failed
make: *** [cmTC_eadbf/fast] Error 2

File /home/dolaned/phowallet-core/build/CMakeFiles/CMakeTmp/CheckSymbolExists.c:
/* */
#include <pthread.h>

int main(int argc, char** argv)
{
  (void)argv;
#ifndef pthread_create
  return ((int*)(&pthread_create))[argc];
#else
  (void)argc;
  return 0;
#endif
}

